# JRE version: OpenJDK Runtime Environment Temurin-17.0.8.1+1 (17.0.8.1+1) (build 17.0.8.1+1)
# Java VM: OpenJDK 64-Bit Server VM Temurin-17.0.8.1+1 (17.0.8.1+1, mixed mode, sharing, tiered, compressed oops, compressed class ptrs, g1 gc, windows-amd64)
GC Precious Log:
 CPUs: 16 total, 16 available
 Memory: 16309M
 Large Page Support: Disabled
 NUMA Support: Disabled
 Compressed Oops: Enabled (Zero based)
 Heap Region Size: 32M
 Heap Min Capacity: 512M
 Heap Initial Capacity: 512M
 Heap Max Capacity: 3G
 Pre-touch: Disabled
 Parallel Workers: 13
 Concurrent Workers: 3
 Concurrent Refinement Workers: 13
 Periodic GC: Disabled
Heap:
 garbage-first heap   total 983040K, used 618373K [0x0000000740000000, 0x0000000800000000)
  region size 32768K, 10 young (327680K), 1 survivors (32768K)
 Metaspace       used 54668K, committed 55360K, reserved 1114112K
  class space    used 8530K, committed 8832K, reserved 1048576K
GC Heap History (20 events):
Event: 42.962 GC heap before
{Heap before GC invocations=120 (full 0):
 garbage-first heap   total 983040K, used 728576K [0x0000000740000000, 0x0000000800000000)
  region size 32768K, 13 young (425984K), 1 survivors (32768K)
 Metaspace       used 54081K, committed 54784K, reserved 1114112K
  class space    used 8501K, committed 8832K, reserved 1048576K
}
Event: 42.965 GC heap after
{Heap after GC invocations=121 (full 0):
 garbage-first heap   total 983040K, used 341790K [0x0000000740000000, 0x0000000800000000)
  region size 32768K, 1 young (32768K), 1 survivors (32768K)
 Metaspace       used 54081K, committed 54784K, reserved 1114112K
  class space    used 8501K, committed 8832K, reserved 1048576K
}
Event: 43.138 GC heap before
{Heap before GC invocations=121 (full 0):
 garbage-first heap   total 983040K, used 702238K [0x0000000740000000, 0x0000000800000000)
  region size 32768K, 12 young (393216K), 1 survivors (32768K)
 Metaspace       used 54096K, committed 54784K, reserved 1114112K
  class space    used 8501K, committed 8832K, reserved 1048576K
}
Event: 43.140 GC heap after
{Heap after GC invocations=122 (full 0):
 garbage-first heap   total 983040K, used 341851K [0x0000000740000000, 0x0000000800000000)
  region size 32768K, 1 young (32768K), 1 survivors (32768K)
 Metaspace       used 54096K, committed 54784K, reserved 1114112K
  class space    used 8501K, committed 8832K, reserved 1048576K
}
Event: 43.545 GC heap before
{Heap before GC invocations=122 (full 0):
 garbage-first heap   total 983040K, used 702299K [0x0000000740000000, 0x0000000800000000)
  region size 32768K, 12 young (393216K), 1 survivors (32768K)
 Metaspace       used 54301K, committed 54976K, reserved 1114112K
  class space    used 8523K, committed 8832K, reserved 1048576K
}
Event: 43.549 GC heap after
{Heap after GC invocations=123 (full 0):
 garbage-first heap   total 983040K, used 354158K [0x0000000740000000, 0x0000000800000000)
  region size 32768K, 1 young (32768K), 1 survivors (32768K)
 Metaspace       used 54301K, committed 54976K, reserved 1114112K
  class space    used 8523K, committed 8832K, reserved 1048576K
}
Event: 44.284 GC heap before
{Heap before GC invocations=123 (full 0):
 garbage-first heap   total 983040K, used 714606K [0x0000000740000000, 0x0000000800000000)
  region size 32768K, 12 young (393216K), 1 survivors (32768K)
 Metaspace       used 54381K, committed 55040K, reserved 1114112K
  class space    used 8523K, committed 8832K, reserved 1048576K
}
Event: 44.287 GC heap after
{Heap after GC invocations=124 (full 0):
 garbage-first heap   total 983040K, used 355185K [0x0000000740000000, 0x0000000800000000)
  region size 32768K, 1 young (32768K), 1 survivors (32768K)
 Metaspace       used 54381K, committed 55040K, reserved 1114112K
  class space    used 8523K, committed 8832K, reserved 1048576K
}
Event: 45.019 GC heap before
{Heap before GC invocations=124 (full 0):
 garbage-first heap   total 983040K, used 715633K [0x0000000740000000, 0x0000000800000000)
  region size 32768K, 12 young (393216K), 1 survivors (32768K)
 Metaspace       used 54444K, committed 55168K, reserved 1114112K
  class space    used 8523K, committed 8832K, reserved 1048576K
}
Event: 45.022 GC heap after
{Heap after GC invocations=125 (full 0):
 garbage-first heap   total 983040K, used 355346K [0x0000000740000000, 0x0000000800000000)
  region size 32768K, 1 young (32768K), 1 survivors (32768K)
 Metaspace       used 54444K, committed 55168K, reserved 1114112K
  class space    used 8523K, committed 8832K, reserved 1048576K
}
Event: 45.753 GC heap before
{Heap before GC invocations=125 (full 0):
 garbage-first heap   total 983040K, used 715794K [0x0000000740000000, 0x0000000800000000)
  region size 32768K, 12 young (393216K), 1 survivors (32768K)
 Metaspace       used 54463K, committed 55168K, reserved 1114112K
  class space    used 8523K, committed 8832K, reserved 1048576K
}
Event: 45.756 GC heap after
{Heap after GC invocations=126 (full 0):
 garbage-first heap   total 983040K, used 356195K [0x0000000740000000, 0x0000000800000000)
  region size 32768K, 1 young (32768K), 1 survivors (32768K)
 Metaspace       used 54463K, committed 55168K, reserved 1114112K
  class space    used 8523K, committed 8832K, reserved 1048576K
}
Event: 46.494 GC heap before
{Heap before GC invocations=126 (full 0):
 garbage-first heap   total 983040K, used 716643K [0x0000000740000000, 0x0000000800000000)
  region size 32768K, 12 young (393216K), 1 survivors (32768K)
 Metaspace       used 54487K, committed 55168K, reserved 1114112K
  class space    used 8526K, committed 8832K, reserved 1048576K
}
Event: 46.497 GC heap after
{Heap after GC invocations=127 (full 0):
 garbage-first heap   total 983040K, used 356376K [0x0000000740000000, 0x0000000800000000)
  region size 32768K, 1 young (32768K), 1 survivors (32768K)
 Metaspace       used 54487K, committed 55168K, reserved 1114112K
  class space    used 8526K, committed 8832K, reserved 1048576K
}
Event: 47.548 GC heap before
{Heap before GC invocations=127 (full 0):
 garbage-first heap   total 983040K, used 716824K [0x0000000740000000, 0x0000000800000000)
  region size 32768K, 12 young (393216K), 1 survivors (32768K)
 Metaspace       used 54529K, committed 55232K, reserved 1114112K
  class space    used 8526K, committed 8832K, reserved 1048576K
}
Event: 47.551 GC heap after
{Heap after GC invocations=128 (full 0):
 garbage-first heap   total 983040K, used 356573K [0x0000000740000000, 0x0000000800000000)
  region size 32768K, 1 young (32768K), 1 survivors (32768K)
 Metaspace       used 54529K, committed 55232K, reserved 1114112K
  class space    used 8526K, committed 8832K, reserved 1048576K
}
Event: 50.130 GC heap before
{Heap before GC invocations=128 (full 0):
 garbage-first heap   total 983040K, used 717021K [0x0000000740000000, 0x0000000800000000)
  region size 32768K, 12 young (393216K), 1 survivors (32768K)
 Metaspace       used 54586K, committed 55232K, reserved 1114112K
  class space    used 8526K, committed 8832K, reserved 1048576K
}
Event: 50.133 GC heap after
{Heap after GC invocations=129 (full 0):
 garbage-first heap   total 983040K, used 356544K [0x0000000740000000, 0x0000000800000000)
  region size 32768K, 1 young (32768K), 1 survivors (32768K)
 Metaspace       used 54586K, committed 55232K, reserved 1114112K
  class space    used 8526K, committed 8832K, reserved 1048576K
}
Event: 52.673 GC heap before
{Heap before GC invocations=129 (full 0):
 garbage-first heap   total 983040K, used 716992K [0x0000000740000000, 0x0000000800000000)
  region size 32768K, 12 young (393216K), 1 survivors (32768K)
 Metaspace       used 54615K, committed 55296K, reserved 1114112K
  class space    used 8527K, committed 8832K, reserved 1048576K
}
Event: 52.676 GC heap after
{Heap after GC invocations=130 (full 0):
 garbage-first heap   total 983040K, used 356229K [0x0000000740000000, 0x0000000800000000)
  region size 32768K, 1 young (32768K), 1 survivors (32768K)
 Metaspace       used 54615K, committed 55296K, reserved 1114112K
  class space    used 8527K, committed 8832K, reserved 1048576K
}

